CRITICAL - 2022-02-09 18:03:32 --> Class "App\Controllers\Home_model" not found
#0 /srv/http/unidad4/system/CodeIgniter.php(825): App\Controllers\Home->prueba()
#1 /srv/http/unidad4/system/CodeIgniter.php(412): CodeIgniter\CodeIgniter->runController()
#2 /srv/http/unidad4/system/CodeIgniter.php(320): CodeIgniter\CodeIgniter->handleRequest()
#3 /srv/http/unidad4/index.php(37): CodeIgniter\CodeIgniter->run()
#4 {main}
CRITICAL - 2022-02-09 18:04:43 --> Class "App\Models\Home_model" not found
#0 /srv/http/unidad4/system/CodeIgniter.php(802): App\Controllers\Home->__construct()
#1 /srv/http/unidad4/system/CodeIgniter.php(403): CodeIgniter\CodeIgniter->createController()
#2 /srv/http/unidad4/system/CodeIgniter.php(320): CodeIgniter\CodeIgniter->handleRequest()
#3 /srv/http/unidad4/index.php(37): CodeIgniter\CodeIgniter->run()
#4 {main}
CRITICAL - 2022-02-09 18:06:10 --> Class "App\Models\Home_model" not found
#0 /srv/http/unidad4/system/CodeIgniter.php(825): App\Controllers\Home->prueba()
#1 /srv/http/unidad4/system/CodeIgniter.php(412): CodeIgniter\CodeIgniter->runController()
#2 /srv/http/unidad4/system/CodeIgniter.php(320): CodeIgniter\CodeIgniter->handleRequest()
#3 /srv/http/unidad4/index.php(37): CodeIgniter\CodeIgniter->run()
#4 {main}
ERROR - 2022-02-09 18:09:51 --> Error connecting to the database: Connection timed out
CRITICAL - 2022-02-09 18:09:51 --> Unable to connect to the database.
Main connection [MySQLi]: Connection timed out
#0 /srv/http/unidad4/system/Database/BaseConnection.php(577): CodeIgniter\Database\BaseConnection->initialize()
#1 /srv/http/unidad4/app/Controllers/Home.php(28): CodeIgniter\Database\BaseConnection->query()
#2 /srv/http/unidad4/system/CodeIgniter.php(825): App\Controllers\Home->prueba()
#3 /srv/http/unidad4/system/CodeIgniter.php(412): CodeIgniter\CodeIgniter->runController()
#4 /srv/http/unidad4/system/CodeIgniter.php(320): CodeIgniter\CodeIgniter->handleRequest()
#5 /srv/http/unidad4/index.php(37): CodeIgniter\CodeIgniter->run()
#6 {main}
