CRITICAL - 2022-08-18 21:13:52 --> Call to a member function getResult() on bool
#0 /srv/http/unidad4/system/CodeIgniter.php(825): App\Controllers\Home->insertar()
#1 /srv/http/unidad4/system/CodeIgniter.php(412): CodeIgniter\CodeIgniter->runController()
#2 /srv/http/unidad4/system/CodeIgniter.php(320): CodeIgniter\CodeIgniter->handleRequest()
#3 /srv/http/unidad4/index.php(37): CodeIgniter\CodeIgniter->run()
#4 {main}
ERROR - 2022-08-18 21:14:52 --> ErrorException: pg_query(): Query failed: ERROR:  llave duplicada viola restricción de unicidad «estudiantes_un»
DETAIL:  Ya existe la llave (cedula)=(12345). in /srv/http/unidad4/system/Database/Postgre/Connection.php:135
Stack trace:
#0 [internal function]: CodeIgniter\Debug\Exceptions->errorHandler()
#1 /srv/http/unidad4/system/Database/Postgre/Connection.php(135): pg_query()
#2 /srv/http/unidad4/system/Database/BaseConnection.php(670): CodeIgniter\Database\Postgre\Connection->execute()
#3 /srv/http/unidad4/system/Database/BaseConnection.php(598): CodeIgniter\Database\BaseConnection->simpleQuery()
#4 /srv/http/unidad4/app/Controllers/Home.php(61): CodeIgniter\Database\BaseConnection->query()
#5 /srv/http/unidad4/system/CodeIgniter.php(825): App\Controllers\Home->insertar()
#6 /srv/http/unidad4/system/CodeIgniter.php(412): CodeIgniter\CodeIgniter->runController()
#7 /srv/http/unidad4/system/CodeIgniter.php(320): CodeIgniter\CodeIgniter->handleRequest()
#8 /srv/http/unidad4/index.php(37): CodeIgniter\CodeIgniter->run()
#9 {main}
CRITICAL - 2022-08-18 21:14:52 --> pg_query(): Query failed: ERROR:  llave duplicada viola restricción de unicidad «estudiantes_un»
DETAIL:  Ya existe la llave (cedula)=(12345).
#0 [internal function]: CodeIgniter\Debug\Exceptions->errorHandler()
#1 /srv/http/unidad4/system/Database/Postgre/Connection.php(135): pg_query()
#2 /srv/http/unidad4/system/Database/BaseConnection.php(670): CodeIgniter\Database\Postgre\Connection->execute()
#3 /srv/http/unidad4/system/Database/BaseConnection.php(598): CodeIgniter\Database\BaseConnection->simpleQuery()
#4 /srv/http/unidad4/app/Controllers/Home.php(61): CodeIgniter\Database\BaseConnection->query()
#5 /srv/http/unidad4/system/CodeIgniter.php(825): App\Controllers\Home->insertar()
#6 /srv/http/unidad4/system/CodeIgniter.php(412): CodeIgniter\CodeIgniter->runController()
#7 /srv/http/unidad4/system/CodeIgniter.php(320): CodeIgniter\CodeIgniter->handleRequest()
#8 /srv/http/unidad4/index.php(37): CodeIgniter\CodeIgniter->run()
#9 {main}
